0 verbose cli /Users/jichangchun/.volta/tools/image/node/16.20.2/bin/node /Users/jichangchun/.volta/tools/image/node/16.20.2/bin/npm
1 info using npm@8.19.4
2 info using node@v16.20.2
3 timing npm:load:whichnode Completed in 0ms
4 timing config:load:defaults Completed in 1ms
5 timing config:load:file:/Users/jichangchun/.volta/tools/image/node/16.20.2/lib/node_modules/npm/npmrc Completed in 0ms
6 timing config:load:builtin Completed in 0ms
7 timing config:load:cli Completed in 1ms
8 timing config:load:env Completed in 0ms
9 timing config:load:file:/Users/jichangchun/code/personal/ui-lib/packages/ui/.npmrc Completed in 0ms
10 timing config:load:project Completed in 1ms
11 timing config:load:file:/Users/jichangchun/.npmrc Completed in 1ms
12 timing config:load:user Completed in 1ms
13 timing config:load:file:/Users/jichangchun/.volta/tools/image/node/16.20.2/etc/npmrc Completed in 0ms
14 timing config:load:global Completed in 0ms
15 timing config:load:validate Completed in 1ms
16 timing config:load:credentials Completed in 0ms
17 timing config:load:setEnvs Completed in 1ms
18 timing config:load Completed in 6ms
19 timing npm:load:configload Completed in 6ms
20 timing npm:load:mkdirpcache Completed in 0ms
21 timing npm:load:mkdirplogs Completed in 0ms
22 verbose title npm pack
23 verbose argv "pack" "--dry-run"
24 timing npm:load:setTitle Completed in 1ms
25 timing config:load:flatten Completed in 1ms
26 timing npm:load:display Completed in 1ms
27 verbose logfile logs-max:10 dir:/Users/jichangchun/code/personal/ui-lib/.tmp/npm-cache/_logs
28 verbose logfile /Users/jichangchun/code/personal/ui-lib/.tmp/npm-cache/_logs/2026-04-02T15_13_20_152Z-debug-0.log
29 timing npm:load:logFile Completed in 2ms
30 timing npm:load:timers Completed in 0ms
31 timing npm:load:configScope Completed in 0ms
32 timing npm:load Completed in 10ms
33 silly logfile done cleaning log files
34 notice
35 notice 📦  @jccnpm/ui@0.1.0
36 notice === Tarball Contents ===
37 notice 6.1kB  dist/index.cjs    
37 notice 15.9kB dist/index.cjs.map
37 notice 4.5kB  dist/index.d.ts   
37 notice 5.9kB  dist/index.mjs    
37 notice 15.8kB dist/index.mjs.map
37 notice 7.0kB  dist/styles.css   
37 notice 852B   package.json      
38 notice === Tarball Details ===
39 notice name:          @jccnpm/ui                              
39 notice version:       0.1.0                                   
39 notice filename:      @jccnpm/ui-0.1.0.tgz                    
39 notice package size:  9.8 kB                                  
39 notice unpacked size: 56.1 kB                                 
39 notice shasum:        f108f67a39f6a28aefb5eae37c4d8cbba6cee593
39 notice integrity:     sha512-wnSmtuuPO03sp[...]nhNbzGvF7clJg==
39 notice total files:   7                                       
40 notice
41 timing command:pack Completed in 35ms
42 verbose exit 0
43 timing npm Completed in 51ms
44 info ok
